<?xml version="1.0" encoding="UTF-8"?>
<!-- Generated by org.testng.reporters.JUnitReportReporter -->
<testsuite hostname="Saiprasad" failures="0" tests="1" name="TestNgPractice.practice10" time="38.066" errors="0" timestamp="2022-09-17T20:27:26 IST" skipped="0">
  <testcase classname="TestNgPractice.practice10" name="BrowserSet" time="38.066"/>
  <system-out/>
</testsuite> <!-- TestNgPractice.practice10 -->
