<?xml version="1.0" encoding="UTF-8"?>
<!-- Generated by org.testng.reporters.JUnitReportReporter -->
<testsuite hostname="Saiprasad" failures="0" tests="1" name="TestNgPractice.TestNgTask1" time="0.017" errors="0" timestamp="2022-08-26T19:33:44 IST" skipped="0">
  <testcase classname="TestNgPractice.TestNgTask1" name="title" time="0.017"/>
  <system-out/>
</testsuite> <!-- TestNgPractice.TestNgTask1 -->
