<?xml version="1.0" encoding="UTF-8"?>
<!-- Generated by org.testng.reporters.JUnitReportReporter -->
<testsuite hostname="Saiprasad" failures="0" tests="10" name="TestNgPractice.TestNgTask2" time="27.143" errors="0" timestamp="2022-09-15T22:04:51 IST" skipped="0">
  <testcase classname="TestNgPractice.TestNgTask2" name="loginbt" time="0.298"/>
  <system-out/>
  <testcase classname="TestNgPractice.TestNgTask2" name="registerbt" time="0.166"/>
  <system-out/>
  <testcase classname="TestNgPractice.TestNgTask2" name="Iframe" time="3.087"/>
  <system-out/>
  <testcase classname="TestNgPractice.TestNgTask2" name="mono" time="3.239"/>
  <system-out/>
  <testcase classname="TestNgPractice.TestNgTask2" name="continuebt" time="3.335"/>
  <system-out/>
  <testcase classname="TestNgPractice.TestNgTask2" name="emailin" time="3.259"/>
  <system-out/>
  <testcase classname="TestNgPractice.TestNgTask2" name="namein" time="3.272"/>
  <system-out/>
  <testcase classname="TestNgPractice.TestNgTask2" name="DOBin" time="3.885"/>
  <system-out/>
  <testcase classname="TestNgPractice.TestNgTask2" name="passwordin" time="3.241"/>
  <system-out/>
  <testcase classname="TestNgPractice.TestNgTask2" name="clickcont" time="3.361"/>
  <system-out/>
</testsuite> <!-- TestNgPractice.TestNgTask2 -->
