<?xml version="1.0" encoding="UTF-8"?>
<!-- Generated by org.testng.reporters.JUnitReportReporter -->
<testsuite hostname="Saiprasad" failures="0" tests="2" name="firstDemo.AnnotationPractice" time="0.034" errors="0" timestamp="2022-08-24T20:35:12 IST" skipped="0">
  <testcase classname="firstDemo.AnnotationPractice" name="Login" time="0.005"/>
  <system-out/>
  <testcase classname="firstDemo.AnnotationPractice" name="LogOut" time="0.029"/>
  <system-out/>
</testsuite> <!-- firstDemo.AnnotationPractice -->
