<?xml version="1.0" encoding="UTF-8"?>
<!-- Generated by org.testng.reporters.JUnitReportReporter -->
<testsuite hostname="Saiprasad" failures="0" tests="1" name="TestNgPractice.AssetPara" time="37.459" errors="0" timestamp="2022-09-13T20:00:24 IST" skipped="0">
  <testcase classname="TestNgPractice.AssetPara" name="Assert" time="37.459"/>
  <system-out/>
</testsuite> <!-- TestNgPractice.AssetPara -->
