<?xml version="1.0" encoding="UTF-8"?>
<!-- Generated by org.testng.reporters.JUnitReportReporter -->
<testsuite hostname="Saiprasad" failures="0" tests="2" name="TestNgPractice.annotation" time="0.007" errors="0" timestamp="2022-08-25T17:45:30 IST" skipped="0">
  <testcase classname="TestNgPractice.annotation" name="PageUp" time="0.004"/>
  <system-out/>
  <testcase classname="TestNgPractice.annotation" name="PageDown" time="0.003"/>
  <system-out/>
</testsuite> <!-- TestNgPractice.annotation -->
