<?xml version="1.0" encoding="UTF-8"?>
<!-- Generated by org.testng.reporters.JUnitReportReporter -->
<testsuite hostname="Saiprasad" failures="0" tests="2" name="TestNgPractice.annotationPractice" time="0.031" errors="0" timestamp="2022-08-25T17:45:30 IST" skipped="0">
  <testcase classname="TestNgPractice.annotationPractice" name="LogIn" time="0.026"/>
  <system-out/>
  <testcase classname="TestNgPractice.annotationPractice" name="LogOut" time="0.005"/>
  <system-out/>
</testsuite> <!-- TestNgPractice.annotationPractice -->
